<?xml version="1.0" encoding="UTF-8"?>
<testng-results skipped="0" failed="0" total="1" passed="1">
  <reporter-output>
  </reporter-output>
  <suite name="Default suite" duration-ms="7556" started-at="2017-06-03T03:53:45Z" finished-at="2017-06-03T03:53:53Z">
    <groups>
    </groups>
    <test name="Default test" duration-ms="7556" started-at="2017-06-03T03:53:45Z" finished-at="2017-06-03T03:53:53Z">
      <class name="testCases.TC1_InputForm">
        <test-method status="PASS" signature="initial()[pri:0, instance:testCases.TC1_InputForm@1753acfe]" name="initial" is-config="true" duration-ms="4623" started-at="2017-06-03T09:23:45Z" finished-at="2017-06-03T09:23:50Z">
          <reporter-output>
          </reporter-output>
        </test-method> <!-- initial -->
        <test-method status="PASS" signature="dataListFilter()[pri:-16, instance:testCases.TC1_InputForm@1753acfe]" name="dataListFilter" duration-ms="2851" started-at="2017-06-03T09:23:50Z" finished-at="2017-06-03T09:23:53Z">
          <reporter-output>
          </reporter-output>
        </test-method> <!-- dataListFilter -->
        <test-method status="PASS" signature="aftersetup()[pri:0, instance:testCases.TC1_InputForm@1753acfe]" name="aftersetup" is-config="true" duration-ms="0" started-at="2017-06-03T09:23:53Z" finished-at="2017-06-03T09:23:53Z">
          <reporter-output>
          </reporter-output>
        </test-method> <!-- aftersetup -->
      </class> <!-- testCases.TC1_InputForm -->
    </test> <!-- Default test -->
  </suite> <!-- Default suite -->
</testng-results>
